<?xml version="1.0" encoding="UTF-8"?>
<!-- Generated by org.testng.reporters.JUnitReportReporter -->
<testsuite skipped="0" hostname="INHYL3V6LX52" name="com.olg.qa.smoketesttests.RegisterplayerTest" tests="2" failures="0" timestamp="14 Aug 2018 06:55:55 GMT" time="94.060" errors="0">
  <testcase name="RegisterNewPlayerTest" time="46.509" classname="com.olg.qa.smoketesttests.RegisterplayerTest"/>
  <testcase name="RegisterNewPlayerTest" time="47.551" classname="com.olg.qa.smoketesttests.RegisterplayerTest"/>
</testsuite> <!-- com.olg.qa.smoketesttests.RegisterplayerTest -->
