<?xml version="1.0" encoding="UTF-8"?>
<!-- Generated by org.testng.reporters.JUnitReportReporter -->
<testsuite skipped="0" hostname="INHYL3V6LX52" name="com.olg.qa.smoketesttests.LoginPageTest" tests="3" failures="0" timestamp="09 Aug 2018 15:31:01 GMT" time="54.234" errors="0">
  <testcase name="loginpageTitleTest" time="19.206" classname="com.olg.qa.smoketesttests.LoginPageTest"/>
  <testcase name="loginpageLogoTest" time="15.641" classname="com.olg.qa.smoketesttests.LoginPageTest"/>
  <testcase name="loginTest" time="19.387" classname="com.olg.qa.smoketesttests.LoginPageTest"/>
</testsuite> <!-- com.olg.qa.smoketesttests.LoginPageTest -->
